<?xml version="1.0" encoding="UTF-8"?>
<testng-results skipped="0" failed="0" ignored="0" total="2" passed="2">
  <reporter-output>
  </reporter-output>
  <suite name="Default suite" duration-ms="33855" started-at="2023-05-03T19:31:38 CST" finished-at="2023-05-03T19:32:11 CST">
    <groups>
    </groups>
    <test name="Default test" duration-ms="33855" started-at="2023-05-03T19:31:38 CST" finished-at="2023-05-03T19:32:11 CST">
      <class name="estructuraCristian.principal">
        <test-method status="PASS" signature="beforeClass()[pri:0, instance:estructuraCristian.principal@36b4cef0]" name="beforeClass" is-config="true" duration-ms="27329" started-at="2023-05-03T19:31:38 CST" finished-at="2023-05-03T19:32:05 CST">
          <reporter-output>
          </reporter-output>
        </test-method> <!-- beforeClass -->
        <test-method status="PASS" signature="testFormularioNombreyCorreo()[pri:1, instance:estructuraCristian.principal@36b4cef0]" name="testFormularioNombreyCorreo" duration-ms="4847" started-at="2023-05-03T19:32:05 CST" finished-at="2023-05-03T19:32:10 CST">
          <reporter-output>
          </reporter-output>
        </test-method> <!-- testFormularioNombreyCorreo -->
        <test-method status="PASS" signature="testFormularioSexoyNumero()[pri:2, instance:estructuraCristian.principal@36b4cef0]" name="testFormularioSexoyNumero" duration-ms="1390" started-at="2023-05-03T19:32:10 CST" finished-at="2023-05-03T19:32:11 CST">
          <reporter-output>
          </reporter-output>
        </test-method> <!-- testFormularioSexoyNumero -->
        <test-method status="PASS" signature="afterClass()[pri:0, instance:estructuraCristian.principal@36b4cef0]" name="afterClass" is-config="true" duration-ms="6" started-at="2023-05-03T19:32:11 CST" finished-at="2023-05-03T19:32:11 CST">
          <reporter-output>
          </reporter-output>
        </test-method> <!-- afterClass -->
      </class> <!-- estructuraCristian.principal -->
    </test> <!-- Default test -->
  </suite> <!-- Default suite -->
</testng-results>
